1597341386310	geckodriver	INFO	Listening on 127.0.0.1:48183
1597341386344	mozrunner::runner	INFO	Running command: "/usr/bin/firefox" "--marionette" "-foreground" "-no-remote" "-profile" "/tmp/rust_mozprofileglo7fK"
1597341393128	Marionette	INFO	Listening on port 36419
1597341393199	Marionette	WARN	TLS certificate errors will be ignored for this session
JavaScript error: http://localhost/dashboard/javascripts/all.js, line 5495: SyntaxError: expected expression, got '}'
1597341416829	Marionette	INFO	Stopped listening on port 36419
1597341461844	geckodriver	INFO	Listening on 127.0.0.1:58401
1597341461850	mozrunner::runner	INFO	Running command: "/usr/bin/firefox" "--marionette" "-foreground" "-no-remote" "-profile" "/tmp/rust_mozprofileWHw0sk"
1597341466365	Marionette	INFO	Listening on port 36107
1597341466472	Marionette	WARN	TLS certificate errors will be ignored for this session
JavaScript error: http://localhost/dashboard/javascripts/all.js, line 5495: SyntaxError: expected expression, got '}'
1597341482830	Marionette	INFO	Stopped listening on port 36107
1597343340052	geckodriver	INFO	Listening on 127.0.0.1:45691
1597343341104	mozrunner::runner	INFO	Running command: "/usr/bin/firefox" "--marionette" "-foreground" "-no-remote" "-profile" "/tmp/rust_mozprofile65WDKo"
1597343347435	Marionette	INFO	Listening on port 36601
1597343347561	Marionette	WARN	TLS certificate errors will be ignored for this session
JavaScript error: http://localhost:8000/js/script.js, line 90: TypeError: $(...).slick is not a function
JavaScript error: http://localhost:8000/js/script.js, line 44: TypeError: document.getElementById(...) is null
JavaScript error: , line 0: UnknownError: The operation failed for reasons unrelated to the database itself and not covered by any other error code.
1597343364100	Marionette	INFO	Stopped listening on port 36601
1600176322171	geckodriver	INFO	Listening on 127.0.0.1:51455
1600176323197	mozrunner::runner	INFO	Running command: "/usr/bin/firefox" "--marionette" "-foreground" "-no-remote" "-profile" "/tmp/rust_mozprofilexHrlaz"
1600176331030	Marionette	INFO	Listening on port 40711
1600176331085	Marionette	WARN	TLS certificate errors will be ignored for this session
1600176670723	Marionette	INFO	Stopped listening on port 40711
1600176919593	geckodriver	INFO	Listening on 127.0.0.1:58209
1600176919601	mozrunner::runner	INFO	Running command: "/usr/bin/firefox" "--marionette" "-foreground" "-no-remote" "-profile" "/tmp/rust_mozprofile5erCCb"
1600176924260	Marionette	INFO	Listening on port 46159
1600176924319	Marionette	WARN	TLS certificate errors will be ignored for this session
1600177016823	Marionette	INFO	Stopped listening on port 46159
1600177242889	geckodriver	INFO	Listening on 127.0.0.1:47185
1600177242897	mozrunner::runner	INFO	Running command: "/usr/bin/firefox" "--marionette" "-foreground" "-no-remote" "-profile" "/tmp/rust_mozprofileoVkSBk"
1600177247780	Marionette	INFO	Listening on port 34563
1600177247816	Marionette	WARN	TLS certificate errors will be ignored for this session
1600177272935	geckodriver	INFO	Listening on 127.0.0.1:58643
1600177272943	mozrunner::runner	INFO	Running command: "/usr/bin/firefox" "--marionette" "-foreground" "-no-remote" "-profile" "/tmp/rust_mozprofileMsDEpk"
1600177278374	Marionette	INFO	Listening on port 44451
1600177278461	Marionette	WARN	TLS certificate errors will be ignored for this session
JavaScript error: resource://gre/modules/URIFixup.jsm, line 281: NS_ERROR_FAILURE: Should pass a non-null uri
1600180199252	geckodriver	INFO	Listening on 127.0.0.1:50619
1600180200278	mozrunner::runner	INFO	Running command: "/usr/bin/firefox" "--marionette" "-foreground" "-no-remote" "-profile" "/tmp/rust_mozprofileGiS8kM"
1600180214517	Marionette	INFO	Listening on port 45961
1600180214605	Marionette	WARN	TLS certificate errors will be ignored for this session
1600180477598	Marionette	INFO	Stopped listening on port 45961
1600180957623	geckodriver	INFO	Listening on 127.0.0.1:59619
1600180957841	mozrunner::runner	INFO	Running command: "/usr/bin/firefox" "--marionette" "-foreground" "-no-remote" "-profile" "/tmp/rust_mozprofileS1nnzV"
1600180966225	Marionette	INFO	Listening on port 36123
1600180966283	Marionette	WARN	TLS certificate errors will be ignored for this session
1600181156251	Marionette	INFO	Stopped listening on port 36123
1600195459778	geckodriver	INFO	Listening on 127.0.0.1:59413
1600195459788	mozrunner::runner	INFO	Running command: "/usr/bin/firefox" "--marionette" "-foreground" "-no-remote" "-profile" "/tmp/rust_mozprofile8phZZQ"
1600195464949	Marionette	INFO	Listening on port 44625
1600195465019	Marionette	WARN	TLS certificate errors will be ignored for this session
console.error: "Store does not have a valid reducer. Make sure the argument passed to combineReducers is an object whose values are reducers."
1600195658358	geckodriver	INFO	Listening on 127.0.0.1:55721
1600195658367	mozrunner::runner	INFO	Running command: "/usr/bin/firefox" "--marionette" "-foreground" "-no-remote" "-profile" "/tmp/rust_mozprofile2lXOru"
1600195664425	Marionette	INFO	Listening on port 46583
1600195664485	Marionette	WARN	TLS certificate errors will be ignored for this session
console.error: services.settings: 
  main/fxmonitor-breaches Signature failed  TypeError: NetworkError when attempting to fetch resource.
1600195668867	Marionette	INFO	Stopped listening on port 46583
1600195680439	Marionette	INFO	Stopped listening on port 44625
1600195688190	geckodriver	INFO	Listening on 127.0.0.1:57103
1600195688199	mozrunner::runner	INFO	Running command: "/usr/bin/firefox" "--marionette" "-foreground" "-no-remote" "-profile" "/tmp/rust_mozprofileAdgdGq"
1600195693385	Marionette	INFO	Listening on port 43241
1600195693417	Marionette	WARN	TLS certificate errors will be ignored for this session
1600195799046	Marionette	INFO	Stopped listening on port 43241
1600195932614	geckodriver	INFO	Listening on 127.0.0.1:59515
1600195932623	mozrunner::runner	INFO	Running command: "/usr/bin/firefox" "--marionette" "-foreground" "-no-remote" "-profile" "/tmp/rust_mozprofileuqo69a"
1600195937323	Marionette	INFO	Listening on port 33255
1600195937341	Marionette	WARN	TLS certificate errors will be ignored for this session
1600196034739	Marionette	INFO	Stopped listening on port 33255
1601025546242	geckodriver	INFO	Listening on 127.0.0.1:36325
1601025547251	mozrunner::runner	INFO	Running command: "/usr/bin/firefox" "--marionette" "-foreground" "-no-remote" "-profile" "/tmp/rust_mozprofileBAfm6x"
JavaScript error: chrome://browser/content/browser-places.js, line 1754: TypeError: PageActions.actionForID(...) is undefined
1601025564813	geckodriver	INFO	Listening on 127.0.0.1:34557
1601025564818	mozrunner::runner	INFO	Running command: "/usr/bin/firefox" "--marionette" "-foreground" "-no-remote" "-profile" "/tmp/rust_mozprofileU3M5bK"
console.error: SearchCache: "_readCacheFile: Error reading cache file:" (new Error("", "(unknown module)"))
console.error: Region.jsm: "Error fetching region" (new TypeError("NetworkError when attempting to fetch resource.", ""))
console.error: Region.jsm: "Failed to fetch region" (new Error("NO_RESULT", "resource://gre/modules/Region.jsm", 343))
1601025570273	Marionette	INFO	Listening on port 43609
1601025570354	Marionette	WARN	TLS certificate errors will be ignored for this session
1601025580196	Marionette	INFO	Stopped listening on port 43609
1601026937972	geckodriver	INFO	Listening on 127.0.0.1:33369
1601026937981	mozrunner::runner	INFO	Running command: "/usr/bin/firefox" "--marionette" "-foreground" "-no-remote" "-profile" "/tmp/rust_mozprofileihesFn"
console.error: SearchCache: "_readCacheFile: Error reading cache file:" (new Error("", "(unknown module)"))
console.error: Region.jsm: "Error fetching region" (new TypeError("NetworkError when attempting to fetch resource.", ""))
console.error: Region.jsm: "Failed to fetch region" (new Error("NO_RESULT", "resource://gre/modules/Region.jsm", 343))
1601026941541	Marionette	INFO	Listening on port 42531
1601026941595	Marionette	WARN	TLS certificate errors will be ignored for this session
1601026949121	Marionette	INFO	Stopped listening on port 42531
1601027157873	geckodriver	INFO	Listening on 127.0.0.1:58115
1601027157880	mozrunner::runner	INFO	Running command: "/usr/bin/firefox" "--marionette" "-foreground" "-no-remote" "-profile" "/tmp/rust_mozprofile3tSTmQ"
console.error: SearchCache: "_readCacheFile: Error reading cache file:" (new Error("", "(unknown module)"))
console.error: Region.jsm: "Error fetching region" (new TypeError("NetworkError when attempting to fetch resource.", ""))
console.error: Region.jsm: "Failed to fetch region" (new Error("NO_RESULT", "resource://gre/modules/Region.jsm", 343))
1601027161521	Marionette	INFO	Listening on port 42963
1601027161595	Marionette	WARN	TLS certificate errors will be ignored for this session
JavaScript error: resource://activity-stream/lib/ActivityStreamPrefs.jsm, line 27: NS_ERROR_ILLEGAL_VALUE: Component returned failure code: 0x80070057 (NS_ERROR_ILLEGAL_VALUE) [nsIPrefBranch.removeObserver]
JavaScript error: resource://gre/modules/ExtensionSettingsStore.jsm, line 123: Error: The ExtensionSettingsStore was accessed before the initialize promise resolved.
JavaScript error: resource://gre/modules/Sqlite.jsm, line 928: Error: Connection is not open.
console.log: "RemoteSettingsWorker error: Error: Can't import when we've started shutting down."
console.log: "RemoteSettingsWorker error: Error: Can't import when we've started shutting down."
1601027165667	Marionette	INFO	Stopped listening on port 42963
1601136585424	geckodriver	INFO	Listening on 127.0.0.1:56671
1601136585435	mozrunner::runner	INFO	Running command: "/usr/bin/firefox" "--marionette" "-foreground" "-no-remote" "-profile" "/tmp/rust_mozprofilevSLHAD"
console.error: SearchCache: "_readCacheFile: Error reading cache file:" (new Error("", "(unknown module)"))
console.error: Region.jsm: "Error fetching region" (new TypeError("NetworkError when attempting to fetch resource.", ""))
console.error: Region.jsm: "Failed to fetch region" (new Error("NO_RESULT", "resource://gre/modules/Region.jsm", 343))
1601136589251	Marionette	INFO	Listening on port 43755
1601136589350	Marionette	WARN	TLS certificate errors will be ignored for this session
console.log: "RemoteSettingsWorker error: Error: Can't import when we've started shutting down."
console.log: "RemoteSettingsWorker error: Error: Can't import when we've started shutting down."
console.log: "RemoteSettingsWorker error: Error: Can't import when we've started shutting down."
console.error: "Could not load engine google@search.mozilla.org: [Exception... \"AddonManager is not initialized\"  nsresult: \"0xc1f30001 (NS_ERROR_NOT_INITIALIZED)\"  location: \"JS frame :: resource://gre/modules/AddonManager.jsm :: installBuiltinAddon :: line 2529\"  data: no]"
console.error: "Could not load engine amazon@search.mozilla.org: [Exception... \"AddonManager is not initialized\"  nsresult: \"0xc1f30001 (NS_ERROR_NOT_INITIALIZED)\"  location: \"JS frame :: resource://gre/modules/AddonManager.jsm :: installBuiltinAddon :: line 2529\"  data: no]"
console.error: "Could not load engine ddg@search.mozilla.org: [Exception... \"AddonManager is not initialized\"  nsresult: \"0xc1f30001 (NS_ERROR_NOT_INITIALIZED)\"  location: \"JS frame :: resource://gre/modules/AddonManager.jsm :: installBuiltinAddon :: line 2529\"  data: no]"
console.error: "Could not load engine bing@search.mozilla.org: [Exception... \"AddonManager is not initialized\"  nsresult: \"0xc1f30001 (NS_ERROR_NOT_INITIALIZED)\"  location: \"JS frame :: resource://gre/modules/AddonManager.jsm :: installBuiltinAddon :: line 2529\"  data: no]"
console.error: "Could not load engine wikipedia@search.mozilla.org: [Exception... \"AddonManager is not initialized\"  nsresult: \"0xc1f30001 (NS_ERROR_NOT_INITIALIZED)\"  location: \"JS frame :: resource://gre/modules/AddonManager.jsm :: installBuiltinAddon :: line 2529\"  data: no]"
console.error: "Could not load engine ebay@search.mozilla.org: [Exception... \"AddonManager is not initialized\"  nsresult: \"0xc1f30001 (NS_ERROR_NOT_INITIALIZED)\"  location: \"JS frame :: resource://gre/modules/AddonManager.jsm :: installBuiltinAddon :: line 2529\"  data: no]"
console.error: "Could not load engine chambers-en-GB@search.mozilla.org: [Exception... \"AddonManager is not initialized\"  nsresult: \"0xc1f30001 (NS_ERROR_NOT_INITIALIZED)\"  location: \"JS frame :: resource://gre/modules/AddonManager.jsm :: installBuiltinAddon :: line 2529\"  data: no]"
console.warn: SearchService: "_init: abandoning init due to shutting down"
JavaScript error: resource://gre/modules/AsyncShutdown.jsm, line 554: uncaught exception: 2147500036
JavaScript error: resource://gre/modules/AsyncShutdown.jsm, line 554: uncaught exception: 2147500036
JavaScript error: resource://gre/modules/AsyncShutdown.jsm, line 554: uncaught exception: 2147500036
JavaScript error: resource://gre/modules/AsyncShutdown.jsm, line 554: uncaught exception: 2147500036
JavaScript error: resource://gre/modules/AsyncShutdown.jsm, line 554: uncaught exception: 2147500036
JavaScript error: resource://gre/modules/AsyncShutdown.jsm, line 554: uncaught exception: 2147500036
JavaScript error: resource://gre/modules/AsyncShutdown.jsm, line 554: uncaught exception: 2147500036
JavaScript error: resource://gre/modules/AsyncShutdown.jsm, line 554: uncaught exception: 2147500036
1601136592980	Marionette	INFO	Stopped listening on port 43755
